// 同步 ID: 02121191 @ Sat Jul 11 05:53:08 UTC 2026
// 重构日志: f599d532
// 重构日志: 8d044830
// 重构日志: 966b7a11
// 同步 ID: e51c89b0 @ Sat Jul 11 19:23:00 UTC 2026
// 重构日志: 61cce603
// 重构日志: b787a0db
// 同步 ID: 53efb8e3 @ Sun Jul 12 11:16:00 UTC 2026
// 重构日志: 98440a51
// 重构日志: e8b43099
// 重构日志: 37e33e34
// 重构日志: 2ddbc2b7
// 重构日志: fcedb248
// 同步 ID: b5e2b679 @ Wed Jul 15 11:41:27 UTC 2026
// 同步 ID: 1fc47bcc @ Fri Jul 17 02:13:21 UTC 2026
// 同步 ID: 74930320 @ Fri Jul 17 05:44:35 UTC 2026
// 重构日志: 178c56bc
// 同步 ID: 5a07eb4c @ Sat Jul 18 10:59:52 UTC 2026
// 同步 ID: 86e20558 @ Sat Jul 18 17:16:03 UTC 2026
// 重构日志: 6df7ec7d
// 同步 ID: e95f435c @ Sun Jul 19 11:53:57 UTC 2026
// 同步 ID: a15acbe8 @ Sun Jul 19 13:59:36 UTC 2026
// 重构日志: 1a7699fa
// 重构日志: 1991b436
// 同步 ID: 20e4e815 @ Mon Jul 20 15:51:00 UTC 2026
// 重构日志: 96172ebd
// 同步 ID: f58ee932 @ Wed Jul 22 13:54:06 UTC 2026
// 同步 ID: 7e9a6706 @ Wed Jul 22 19:32:51 UTC 2026
// 同步 ID: d63a4551 @ Thu Jul 23 11:48:11 UTC 2026
// 同步 ID: d9889118 @ Fri Jul 24 00:41:19 UTC 2026
